****************************************************************
  Sure Independence Screening and Sparsifying Operator (SISSO)  
             Version SISSO.3.3, July, 2023.                
****************************************************************

Read in data from train.dat
Read in data from SISSO.in
Property type:     1
Number of tasks:        1
Descriptor dimension:        3
Number of samples for the task(s):   7695
Restarts :  0
Number of scalar features:       12
Tier of the feature space:        3
Maximal feature complexity (number of operators in a feature):        5
Unit of input primary feature, each represented by a row vector: 
    1.00    0.00    0.00    0.00    0.00
    1.00    0.00    0.00    0.00    0.00
    1.00    0.00    0.00    0.00    0.00
    1.00    0.00    0.00    0.00    0.00
    0.00    1.00    0.00    0.00    0.00
    0.00    1.00    0.00    0.00    0.00
    0.00    0.00    1.00    0.00    0.00
    0.00    0.00    0.00    1.00    0.00
    0.00    0.00    0.00    1.00    0.00
    0.00    0.00    0.00    0.00    1.00
    0.00    0.00    0.00    0.00    1.00
    0.00    0.00    0.00    0.00    1.00
The feature will be discarded if the minimum of the maximal abs. value in it <    0.10000E-07
The faature will be discarded if the maximum of the maximal abs. value in it >     0.10000E+07
Size of the SIS-selected (single) subspace :    100   100   100
Operators for feature construction: (+)(-)(*)(/)(exp)(exp-)(^-1)(^2)(^3)(sqrt)(cbrt)(log)(|-|)(scd)(^6)(sin)(cos) (+)(-)(*)(/)(exp)(exp-)(^-1)(^2)(^3)(sqrt)(cbrt)(log)(|-|)(scd)(^6)(sin)(cos) (+)(-)(*)(/)(exp)(exp-)(^-1)(^2)(^3)(sqrt)(cbrt)(log)(|-|)(scd)(^6)(sin)(cos) 
Method for sparse regression:  L0        
Fitting intercept:      T
Metric for model selection: RMSE
Number of the top-ranked models to output:       10
--------------------------------------------------------------------------------

Dimension:   1
-------------------
Feature Construction (FC) starts ...
Population Standard Deviation (SD) of the task 001:    0.54471
Total number of features in the space phi00:             12
Total number of features in the space phi01:            259
Total number of features in the space phi02:          47188
Total number of features in the space phi03:       49242118
Size of the SIS-selected subspace from phi03:        100
Time (second) used for this FC:         3796.89

Descriptor Identification (DI) starts ...
Total number of SIS-selected features from all dimensions:        100
 
  1D descriptor: 
     d001 = ((maximum_NUnfilled*mean_Electronegativity)*(exp(-maximum_NdUnfilled)-exp(-mean_NdUnfilled)))    feature_ID:000001

  1D model(y=sum(ci*di)+c0): 
     coeff.(ci)_task001:     0.6174168926E-01
             c0_task001:     0.6836379402E+01
     RMSE,MaxAE_task001:     0.4651461576E+00    0.3359797139E+01

     RMSE and MaxAE of the model:   0.465146  3.359797
--------------------------------------------------------------------------------
Time (second) used for this DI:            0.24

Dimension:   2
-------------------
Feature Construction (FC) starts ...
Total number of features in the space phi00:             12
Total number of features in the space phi01:            259
Total number of features in the space phi02:          47188
Total number of features in the space phi03:       49242118
Size of the SIS-selected subspace from phi03:        100
Time (second) used for this FC:         3980.47

Descriptor Identification (DI) starts ...
Total number of SIS-selected features from all dimensions:        200
 
  2D descriptor: 
     d001 = ((scd(mean_NdUnfilled)/maximum_MeltingT)*cbrt((maximum_NUnfilled*maximum_NdUnfilled)))    feature_ID:000046
     d002 = (cbrt((maximum_MeltingT*maximum_GSbandgap))*((avg_dev_Electronegativity-mean_Electronegativity))^3)    feature_ID:000112

  2D model(y=sum(ci*di)+c0): 
     coeff.(ci)_task001:    -0.1653147473E+04    0.1597443037E-02
             c0_task001:     0.7003628761E+01
     RMSE,MaxAE_task001:     0.4355388870E+00    0.3373252744E+01

     RMSE and MaxAE of the model:   0.435539  3.373253
--------------------------------------------------------------------------------
Time (second) used for this DI:            8.49

Dimension:   3
-------------------
Feature Construction (FC) starts ...
Total number of features in the space phi00:             12
Total number of features in the space phi01:            259
Total number of features in the space phi02:          47188
Total number of features in the space phi03:       49242118
Size of the SIS-selected subspace from phi03:        100
Time (second) used for this FC:         4057.53

Descriptor Identification (DI) starts ...
Total number of SIS-selected features from all dimensions:        300
 
Final model/descriptor !
================================================================================
  3D descriptor: 
     d001 = ((mean_Electronegativity/maximum_MeltingT)*(scd(maximum_NdUnfilled)-scd(mean_NdUnfilled)))    feature_ID:000065
     d002 = (cbrt((maximum_MeltingT*maximum_GSbandgap))*((avg_dev_Electronegativity-mean_Electronegativity))^3)    feature_ID:000112
     d003 = ((maximum_GSbandgap*(mean_Electronegativity)^6)*abs(avg_dev_CovalentRadius-(mean_CovalentRadius-avg_dev_Number)))    feature_ID:000203

  3D model(y=sum(ci*di)+c0): 
     coeff.(ci)_task001:     0.2022880251E+04    0.1522229961E-02   -0.3031713985E+01
             c0_task001:     0.6999517412E+01
     RMSE,MaxAE_task001:     0.4171728357E+00    0.3460672010E+01

     RMSE and MaxAE of the model:   0.417173  3.460672
================================================================================
Time (second) used for this DI:         3494.38
Total time (second):        15367.45
Have a nice day !    

