****************************************************************
  Sure Independence Screening and Sparsifying Operator (SISSO)  
             Version SISSO.3.3, July, 2023.                
****************************************************************

Read in data from train.dat
Read in data from SISSO.in
Property type:     1
Number of tasks:        1
Descriptor dimension:        1
Number of samples for the task(s):   7695
Restarts :  0
Number of scalar features:        1
Tier of the feature space:        3
Maximal feature complexity (number of operators in a feature):        6
Unit of input primary feature, each represented by a row vector: 
    1.00
The feature will be discarded if the minimum of the maximal abs. value in it <    0.10000E-07
The faature will be discarded if the maximum of the maximal abs. value in it >     0.10000E+07
Size of the SIS-selected (single) subspace :     10
Operators for feature construction: (+)(-)(*)(/)(exp)(exp-)(^-1)(^2)(^3)(sqrt)(cbrt)(log)(|-|)(scd)(^6)(sin)(cos) (+)(-)(*)(/)(exp)(exp-)(^-1)(^2)(^3)(sqrt)(cbrt)(log)(|-|)(scd)(^6)(sin)(cos) (+)(-)(*)(/)(exp)(exp-)(^-1)(^2)(^3)(sqrt)(cbrt)(log)(|-|)(scd)(^6)(sin)(cos) 
Method for sparse regression:  L0        
Fitting intercept:      T
Metric for model selection: RMSE
Number of the top-ranked models to output:       10
--------------------------------------------------------------------------------

Dimension:   1
-------------------
Feature Construction (FC) starts ...
Population Standard Deviation (SD) of the task 001:    0.54471
Total number of features in the space phi00:              1
Total number of features in the space phi01:             10
Total number of features in the space phi02:            163
Total number of features in the space phi03:          35368
Size of the SIS-selected subspace from phi03:         10
Time (second) used for this FC:            2.68

Descriptor Identification (DI) starts ...
Total number of SIS-selected features from all dimensions:         10
 
Final model/descriptor !
================================================================================
  1D descriptor: 
     d001 = (cbrt(scd(maximum_NdUnfilled))*(cos(maximum_NdUnfilled)+sin(maximum_NdUnfilled)))    feature_ID:000001

  1D model(y=sum(ci*di)+c0): 
     coeff.(ci)_task001:     0.6702504691E+00
             c0_task001:     0.6380884674E+01
     RMSE,MaxAE_task001:     0.4947317124E+00    0.3303014211E+01

     RMSE and MaxAE of the model:   0.494732  3.303014
================================================================================
Time (second) used for this DI:            0.05
Total time (second):            2.82
Have a nice day !    

